Random seed: 2024
Map cutoff: 14
The parameter of normalizing the distance: 15
Feature dim: 62
Hidden dim: 128
Layer: 8
Dropout: 0.5
Learning rate: 0.0005
Training epochs: 60
Pooling rate: 0.3


========== Train epoch 1 ==========
========== Evaluate Valid set ==========
Valid loss:  0.460221499701341
Valid binary acc:  0.8431223371880706
Valid precision:  0.7407407407407407
Valid recall:  0.00963855421686747
Valid f1:  0.019029495718363466
Valid AUC:  0.739693532463942
Valid AUPRC:  0.36953827968006253
Valid mcc:  0.07252765524270674
Best epoch:  1

========== Train epoch 2 ==========
========== Evaluate Valid set ==========
Valid loss:  0.45454381331801413
Valid binary acc:  0.8431984175289106
Valid precision:  0.75
Valid recall:  0.010120481927710843
Valid f1:  0.019971469329529243
Valid AUC:  0.7645572841551409
Valid AUPRC:  0.4027959807515311
Valid mcc:  0.07503469090698722
Best epoch:  2

========== Train epoch 3 ==========
========== Evaluate Valid set ==========
Valid loss:  0.45653101975719135
Valid binary acc:  0.8438831405964698
Valid precision:  0.7555555555555555
Valid recall:  0.0163855421686747
Valid f1:  0.03207547169811321
Valid AUC:  0.751353296463476
Valid AUPRC:  0.39469201860386044
Valid mcc:  0.09607859528186294
Best epoch:  2

========== Train epoch 4 ==========
========== Evaluate Valid set ==========
Valid loss:  0.44684899374842646
Valid binary acc:  0.8454808277541084
Valid precision:  0.75
Valid recall:  0.03180722891566265
Valid f1:  0.061026352288488205
Valid AUC:  0.7932847516182717
Valid AUPRC:  0.44088649792255563
Valid mcc:  0.13332759693854865
Best epoch:  4

========== Train epoch 5 ==========
========== Evaluate Valid set ==========
Valid loss:  0.4089334117869536
Valid binary acc:  0.8600121728545344
Valid precision:  0.6948590381426202
Valid recall:  0.2019277108433735
Valid f1:  0.31292008961911877
Valid AUC:  0.8256008585793169
Valid AUPRC:  0.48550983821498755
Valid mcc:  0.32294232056424377
Best epoch:  5

========== Train epoch 6 ==========
========== Evaluate Valid set ==========
Valid loss:  0.42368075375755626
Valid binary acc:  0.8558277541083384
Valid precision:  0.565028901734104
Valid recall:  0.3768674698795181
Valid f1:  0.45215380167678515
Valid AUC:  0.8173155681720468
Valid AUPRC:  0.4796540389360755
Valid mcc:  0.383085872938068
Best epoch:  5

========== Train epoch 7 ==========
========== Evaluate Valid set ==========
Valid loss:  0.4021403687695662
Valid binary acc:  0.8603164942178941
Valid precision:  0.6085376930063578
Valid recall:  0.3228915662650602
Valid f1:  0.4219143576826196
Valid AUC:  0.8356485441268189
Valid AUPRC:  0.5160551665703291
Valid mcc:  0.3737233400185383
Best epoch:  7

========== Train epoch 8 ==========
========== Evaluate Valid set ==========
Valid loss:  0.36967575599749886
Valid binary acc:  0.8666311625076081
Valid precision:  0.6229007633587786
Valid recall:  0.3932530120481928
Valid f1:  0.4821270310192024
Valid AUC:  0.8543034002483872
Valid AUPRC:  0.540457999472197
Valid mcc:  0.4243448448662561
Best epoch:  8

========== Train epoch 9 ==========
========== Evaluate Valid set ==========
Valid loss:  0.39724662750959394
Valid binary acc:  0.8631314668289713
Valid precision:  0.6687041564792175
Valid recall:  0.2636144578313253
Valid f1:  0.37815416522640855
Valid AUC:  0.8398709518714481
Valid AUPRC:  0.5230652019333014
Valid mcc:  0.3609213756305658
Best epoch:  8

========== Train epoch 10 ==========
========== Evaluate Valid set ==========
Valid loss:  0.3902739060421785
Valid binary acc:  0.8702069385270846
Valid precision:  0.735632183908046
Valid recall:  0.27759036144578314
Valid f1:  0.4030790762771169
Valid AUC:  0.8637266347892247
Valid AUPRC:  0.5741467405105016
Valid mcc:  0.39881361098721385
Best epoch:  10

========== Train epoch 11 ==========
========== Evaluate Valid set ==========
Valid loss:  0.4527177833020687
Valid binary acc:  0.8563603164942178
Valid precision:  0.7120181405895691
Valid recall:  0.15132530120481927
Valid f1:  0.24960254372019078
Valid AUC:  0.811792404054741
Valid AUPRC:  0.4934805386850607
Valid mcc:  0.2831776104900049
Best epoch:  10

========== Train epoch 12 ==========
========== Evaluate Valid set ==========
Valid loss:  0.4181672319769859
Valid binary acc:  0.8396987218502739
Valid precision:  0.49250234301780693
Valid recall:  0.5065060240963856
Valid f1:  0.4994060346875742
Valid AUC:  0.8233795240588335
Valid AUPRC:  0.504334170949405
Valid mcc:  0.4040545874406809
Best epoch:  10

========== Train epoch 13 ==========
========== Evaluate Valid set ==========
Valid loss:  0.3745331143339475
Valid binary acc:  0.8643487522824103
Valid precision:  0.6916010498687664
Valid recall:  0.2539759036144578
Valid f1:  0.37151921043355657
Valid AUC:  0.8618972338899369
Valid AUPRC:  0.5571253145443185
Valid mcc:  0.3631378684133009
Best epoch:  10

========== Train epoch 14 ==========
========== Evaluate Valid set ==========
Valid loss:  0.37015865767995515
Valid binary acc:  0.8658703590992087
Valid precision:  0.6030383091149274
Valid recall:  0.44
Valid f1:  0.5087768180551686
Valid AUC:  0.8602333446170625
Valid AUPRC:  0.5478193228607839
Valid mcc:  0.4405191967808163
Best epoch:  10

========== Train epoch 15 ==========
========== Evaluate Valid set ==========
Valid loss:  0.35672972251971563
Valid binary acc:  0.8738587948874011
Valid precision:  0.7156153050672182
Valid recall:  0.33349397590361446
Valid f1:  0.45496383957922415
Valid AUC:  0.8780161680237981
Valid AUPRC:  0.6030152025726825
Valid mcc:  0.43106809212263025
Best epoch:  15

========== Train epoch 16 ==========
========== Evaluate Valid set ==========
Valid loss:  0.3893715883294741
Valid binary acc:  0.8642726719415703
Valid precision:  0.740495867768595
Valid recall:  0.21590361445783132
Valid f1:  0.33432835820895523
Valid AUC:  0.8497084335172472
Valid AUPRC:  0.5536357991356798
Valid mcc:  0.3509964787206066
Best epoch:  15

========== Train epoch 17 ==========
========== Evaluate Valid set ==========
Valid loss:  0.39844053114453953
Valid binary acc:  0.8641205112598904
Valid precision:  0.7461669505962522
Valid recall:  0.21108433734939758
Valid f1:  0.3290758827948911
Valid AUC:  0.8655184619587756
Valid AUPRC:  0.5735381848386878
Valid mcc:  0.3488505706324899
Best epoch:  15

========== Train epoch 18 ==========
========== Evaluate Valid set ==========
Valid loss:  0.3909194218615691
Valid binary acc:  0.8553712720632989
Valid precision:  0.5531135531135531
Valid recall:  0.43662650602409636
Valid f1:  0.488015082143819
Valid AUC:  0.8493002600337206
Valid AUPRC:  0.5048178698851441
Valid mcc:  0.4090039317829131
Best epoch:  15

========== Train epoch 19 ==========
========== Evaluate Valid set ==========
Valid loss:  0.37664007768034935
Valid binary acc:  0.8718046256847231
Valid precision:  0.696969696969697
Valid recall:  0.3325301204819277
Valid f1:  0.45024469820554647
Valid AUC:  0.8691919144642533
Valid AUPRC:  0.5816089210937162
Valid mcc:  0.42198209875523385
Best epoch:  15

========== Train epoch 20 ==========
========== Evaluate Valid set ==========
Valid loss:  0.3424308056632678
Valid binary acc:  0.8799452221545953
Valid precision:  0.6506973923590055
Valid recall:  0.5171084337349398
Valid f1:  0.5762620837808808
Valid AUC:  0.8887447957880851
Valid AUPRC:  0.6265894673499679
Valid mcc:  0.5119386120591611
Best epoch:  20

========== Train epoch 21 ==========
========== Evaluate Valid set ==========
Valid loss:  0.37867476070920625
Valid binary acc:  0.8627510651247717
Valid precision:  0.5957597173144876
Valid recall:  0.40626506024096387
Valid f1:  0.48309455587392547
Valid AUC:  0.861627055697721
Valid AUPRC:  0.5540897726880022
Valid mcc:  0.4171382796749478
Best epoch:  20

========== Train epoch 22 ==========
========== Evaluate Valid set ==========
Valid loss:  0.35479253058632215
Valid binary acc:  0.8723371880706026
Valid precision:  0.7686062246278755
Valid recall:  0.2737349397590361
Valid f1:  0.4036958066808813
Valid AUC:  0.8841340898874204
Valid AUPRC:  0.6233170218474096
Valid mcc:  0.40883132333009575
Best epoch:  20

========== Train epoch 23 ==========
========== Evaluate Valid set ==========
Valid loss:  0.3820316784083843
Valid binary acc:  0.8670115642118077
Valid precision:  0.6733828207847296
Valid recall:  0.3060240963855422
Valid f1:  0.4208084824387011
Valid AUC:  0.8562251027780833
Valid AUPRC:  0.5582945947473561
Valid mcc:  0.39306527993214013
Best epoch:  20

========== Train epoch 24 ==========
========== Evaluate Valid set ==========
Valid loss:  0.37941843966643013
Valid binary acc:  0.8671637248934875
Valid precision:  0.6559241706161137
Valid recall:  0.33349397590361446
Valid f1:  0.44217252396166135
Valid AUC:  0.8548615856505795
Valid AUPRC:  0.558721719653736
Valid mcc:  0.4035290449767855
Best epoch:  20

========== Train epoch 25 ==========
========== Evaluate Valid set ==========
Valid loss:  0.4124661589662234
Valid binary acc:  0.8660986001217286
Valid precision:  0.7692307692307693
Valid recall:  0.21686746987951808
Valid f1:  0.33834586466165417
Valid AUC:  0.8659570035494767
Valid AUPRC:  0.582166231962029
Valid mcc:  0.3618800276842062
Best epoch:  20

========== Train epoch 26 ==========
========== Evaluate Valid set ==========
Valid loss:  0.37650430550177894
Valid binary acc:  0.871880706025563
Valid precision:  0.7021716649431231
Valid recall:  0.3272289156626506
Valid f1:  0.44641683103221563
Valid AUC:  0.8686004003365527
Valid AUPRC:  0.5944920462595412
Valid mcc:  0.4206778834836804
Best epoch:  20

========== Train epoch 27 ==========
========== Evaluate Valid set ==========
Valid loss:  0.35382536947727206
Valid binary acc:  0.875
Valid precision:  0.6776315789473685
Valid recall:  0.39710843373493976
Valid f1:  0.5007596475235491
Valid AUC:  0.8764378972208284
Valid AUPRC:  0.6104308629072421
Valid mcc:  0.4551496392019398
Best epoch:  20

========== Train epoch 28 ==========
========== Evaluate Valid set ==========
Valid loss:  0.35144277984897293
Valid binary acc:  0.8816189896530736
Valid precision:  0.7193575655114116
Valid recall:  0.41012048192771083
Valid f1:  0.5224063842848373
Valid AUC:  0.8801058638746876
Valid AUPRC:  0.6341443731409001
Valid mcc:  0.4843012869719542
Best epoch:  28

========== Train epoch 29 ==========
========== Evaluate Valid set ==========
Valid loss:  0.3947258833795786
Valid binary acc:  0.8751521606816799
Valid precision:  0.7318376068376068
Valid recall:  0.3301204819277108
Valid f1:  0.4549983394221189
Valid AUC:  0.8679183261186401
Valid AUPRC:  0.5999679113854536
Valid mcc:  0.43588291278837116
Best epoch:  28

========== Train epoch 30 ==========
========== Evaluate Valid set ==========
Valid loss:  0.39017809393505254
Valid binary acc:  0.879184418746196
Valid precision:  0.6918833727344366
Valid recall:  0.4231325301204819
Valid f1:  0.5251196172248804
Valid AUC:  0.8622080988149908
Valid AUPRC:  0.5979968627207658
Valid mcc:  0.4787768231327081
Best epoch:  28

========== Train epoch 31 ==========
========== Evaluate Valid set ==========
Valid loss:  0.388195941845576
Valid binary acc:  0.8764455264759586
Valid precision:  0.7105508870214753
Valid recall:  0.3667469879518072
Valid f1:  0.48378893833439285
Valid AUC:  0.868620428048811
Valid AUPRC:  0.6002061294550033
Valid mcc:  0.45146956103097113
Best epoch:  28

========== Train epoch 32 ==========
========== Evaluate Valid set ==========
Valid loss:  0.37598352233568827
Valid binary acc:  0.8746956786366403
Valid precision:  0.7022684310018904
Valid recall:  0.35807228915662653
Valid f1:  0.47430577721034156
Valid AUC:  0.8762678793591568
Valid AUPRC:  0.6034232990822235
Valid mcc:  0.4417589293417028
Best epoch:  28

========== Train epoch 33 ==========
========== Evaluate Valid set ==========
Valid loss:  0.3831461896498998
Valid binary acc:  0.8702069385270846
Valid precision:  0.6839481555333998
Valid recall:  0.3306024096385542
Valid f1:  0.44574398960363876
Valid AUC:  0.868774467279181
Valid AUPRC:  0.5894483984009059
Valid mcc:  0.41470620190888313
Best epoch:  28

========== Train epoch 34 ==========
========== Evaluate Valid set ==========
Valid loss:  0.3647323283056418
Valid binary acc:  0.8726415094339622
Valid precision:  0.6224801466096518
Valid recall:  0.4910843373493976
Valid f1:  0.549030172413793
Valid AUC:  0.8740871444945015
Valid AUPRC:  0.5913678861371126
Valid mcc:  0.4806172535270267
Best epoch:  28

========== Train epoch 35 ==========
========== Evaluate Valid set ==========
Valid loss:  0.36305225963393845
Valid binary acc:  0.8786518563603165
Valid precision:  0.679372197309417
Valid recall:  0.4380722891566265
Valid f1:  0.5326692059771462
Valid AUC:  0.8740637207788602
Valid AUPRC:  0.6112881880910358
Valid mcc:  0.4815039544484145
Best epoch:  28

========== Train epoch 36 ==========
========== Evaluate Valid set ==========
Valid loss:  0.37543463756640755
Valid binary acc:  0.8743913572732805
Valid precision:  0.6231126596980255
Valid recall:  0.5171084337349398
Valid f1:  0.5651830392415064
Valid AUC:  0.8736367168919603
Valid AUPRC:  0.6076320252886971
Valid mcc:  0.49544152680368425
Best epoch:  28

========== Train epoch 37 ==========
========== Evaluate Valid set ==========
Valid loss:  0.378360245625178
Valid binary acc:  0.8763694461351187
Valid precision:  0.6746894409937888
Valid recall:  0.41879518072289157
Valid f1:  0.5168004757656853
Valid AUC:  0.8703247645927461
Valid AUPRC:  0.6016095333904486
Valid mcc:  0.4671913048811471
Best epoch:  28

========== Train epoch 38 ==========
========== Evaluate Valid set ==========
Valid loss:  0.39177992815772694
Valid binary acc:  0.8758368837492392
Valid precision:  0.6369820655534941
Valid recall:  0.4963855421686747
Valid f1:  0.5579631635969664
Valid AUC:  0.8722063899286729
Valid AUPRC:  0.6088982888160701
Valid mcc:  0.49215427535840045
Best epoch:  28

========== Train epoch 39 ==========
========== Evaluate Valid set ==========
Valid loss:  0.3616650062302748
Valid binary acc:  0.8765976871576384
Valid precision:  0.6487196323046619
Valid recall:  0.476144578313253
Valid f1:  0.5491939966648137
Valid AUC:  0.8703933812764836
Valid AUPRC:  0.6079137668522503
Valid mcc:  0.4873532769729591
Best epoch:  28

========== Train epoch 40 ==========
========== Evaluate Valid set ==========
Valid loss:  0.3860049247741699
Valid binary acc:  0.8773584905660378
Valid precision:  0.7202664129400571
Valid recall:  0.36481927710843376
Valid f1:  0.4843250159948817
Valid AUC:  0.8650094315286262
Valid AUPRC:  0.6055592775969176
Valid mcc:  0.45471965056023717
Best epoch:  28

========== Train epoch 41 ==========
